<?xml version="1.0" encoding="UTF-8"?>
<coverage generated="1635284626607" clover="3.2.0">
  <project timestamp="1635284626607" name="All files">
    <metrics statements="20" coveredstatements="20" conditionals="4" coveredconditionals="4" methods="11" coveredmethods="11" elements="35" coveredelements="35" complexity="0" loc="20" ncloc="20" packages="1" files="2" classes="2"/>
    <file name="accountHistory.js" path="/Users/gianlucaansaldi/Makers/Course/projects/bank-tech-task/src/accountHistory.js">
      <metrics statements="4" coveredstatements="4" conditionals="0" coveredconditionals="0" methods="3" coveredmethods="3"/>
      <line num="3" count="11" type="stmt"/>
      <line num="7" count="6" type="stmt"/>
      <line num="11" count="3" type="stmt"/>
      <line num="15" count="2" type="stmt"/>
    </file>
    <file name="bankAccount.js" path="/Users/gianlucaansaldi/Makers/Course/projects/bank-tech-task/src/bankAccount.js">
      <metrics statements="16" coveredstatements="16" conditionals="4" coveredconditionals="4" methods="8" coveredmethods="8"/>
      <line num="1" count="1" type="stmt"/>
      <line num="5" count="8" type="stmt"/>
      <line num="6" count="8" type="stmt"/>
      <line num="10" count="4" type="stmt"/>
      <line num="11" count="4" type="stmt"/>
      <line num="15" count="2" type="stmt"/>
      <line num="16" count="2" type="stmt"/>
      <line num="20" count="1" type="stmt"/>
      <line num="24" count="2" type="stmt"/>
      <line num="28" count="2" type="stmt"/>
      <line num="29" count="3" type="cond" truecount="2" falsecount="0"/>
      <line num="30" count="2" type="stmt"/>
      <line num="32" count="1" type="stmt"/>
      <line num="38" count="1" type="stmt"/>
      <line num="39" count="1" type="stmt"/>
      <line num="43" count="1" type="stmt"/>
    </file>
  </project>
</coverage>
