<?xml version="1.0" encoding="UTF-8"?>
<coverage generated="1635335312439" clover="3.2.0">
  <project timestamp="1635335312439" name="All files">
    <metrics statements="31" coveredstatements="31" conditionals="7" coveredconditionals="7" methods="14" coveredmethods="14" elements="52" coveredelements="52" complexity="0" loc="31" ncloc="31" packages="1" files="3" classes="3"/>
    <file name="accountHistory.js" path="/Users/gianlucaansaldi/Makers/Course/projects/bank-tech-task/src/accountHistory.js">
      <metrics statements="11" coveredstatements="11" conditionals="0" coveredconditionals="0" methods="5" coveredmethods="5"/>
      <line num="3" count="9" type="stmt"/>
      <line num="7" count="2" type="stmt"/>
      <line num="11" count="4" type="stmt"/>
      <line num="12" count="4" type="stmt"/>
      <line num="21" count="2" type="stmt"/>
      <line num="22" count="2" type="stmt"/>
      <line num="31" count="6" type="stmt"/>
      <line num="32" count="6" type="stmt"/>
      <line num="33" count="6" type="stmt"/>
      <line num="35" count="6" type="stmt"/>
      <line num="39" count="2" type="stmt"/>
    </file>
    <file name="bankAccount.js" path="/Users/gianlucaansaldi/Makers/Course/projects/bank-tech-task/src/bankAccount.js">
      <metrics statements="12" coveredstatements="12" conditionals="5" coveredconditionals="5" methods="5" coveredmethods="5"/>
      <line num="1" count="1" type="stmt"/>
      <line num="2" count="1" type="stmt"/>
      <line num="6" count="6" type="stmt"/>
      <line num="7" count="6" type="stmt"/>
      <line num="11" count="2" type="stmt"/>
      <line num="12" count="2" type="stmt"/>
      <line num="16" count="1" type="stmt"/>
      <line num="17" count="1" type="stmt"/>
      <line num="21" count="1" type="stmt"/>
      <line num="25" count="1" type="stmt"/>
      <line num="26" count="1" type="stmt"/>
      <line num="30" count="1" type="stmt"/>
    </file>
    <file name="statement.js" path="/Users/gianlucaansaldi/Makers/Course/projects/bank-tech-task/src/statement.js">
      <metrics statements="8" coveredstatements="8" conditionals="2" coveredconditionals="2" methods="4" coveredmethods="4"/>
      <line num="3" count="1" type="stmt"/>
      <line num="4" count="1" type="stmt"/>
      <line num="8" count="2" type="stmt"/>
      <line num="12" count="2" type="stmt"/>
      <line num="13" count="3" type="cond" truecount="2" falsecount="0"/>
      <line num="14" count="2" type="stmt"/>
      <line num="20" count="1" type="stmt"/>
      <line num="30" count="2" type="stmt"/>
    </file>
  </project>
</coverage>
