{"/Users/gianlucaansaldi/Makers/Course/projects/bank-tech-task/src/bankAccount.js": {"path":"/Users/gianlucaansaldi/Makers/Course/projects/bank-tech-task/src/bankAccount.js","statementMap":{"0":{"start":{"line":3,"column":4},"end":{"line":3,"column":27}},"1":{"start":{"line":7,"column":0},"end":{"line":7,"column":29}}},"fnMap":{"0":{"name":"(anonymous_0)","decl":{"start":{"line":2,"column":2},"end":{"line":2,"column":3}},"loc":{"start":{"line":2,"column":27},"end":{"line":4,"column":3}},"line":2}},"branchMap":{"0":{"loc":{"start":{"line":2,"column":14},"end":{"line":2,"column":25}},"type":"default-arg","locations":[{"start":{"line":2,"column":24},"end":{"line":2,"column":25}}],"line":2}},"s":{"0":2,"1":1},"f":{"0":2},"b":{"0":[2]},"_coverageSchema":"1a1c01bbd47fc00a2c39e90264f33305004495a9","hash":"1f346e974b028fbf9c934d1391e6542536b52619"}
}
