TN:
SF:src/accountHistory.js
FN:2,(anonymous_0)
FN:6,(anonymous_1)
FN:10,(anonymous_2)
FNF:3
FNH:3
FNDA:11,(anonymous_0)
FNDA:6,(anonymous_1)
FNDA:3,(anonymous_2)
DA:3,11
DA:7,6
DA:11,3
DA:15,2
LF:4
LH:4
BRF:0
BRH:0
end_of_record
TN:
SF:src/bankAccount.js
FN:4,(anonymous_0)
FN:9,(anonymous_1)
FN:14,(anonymous_2)
FN:19,(anonymous_3)
FN:23,(anonymous_4)
FN:27,(anonymous_5)
FN:28,(anonymous_6)
FN:37,(anonymous_7)
FNF:8
FNH:8
FNDA:8,(anonymous_0)
FNDA:4,(anonymous_1)
FNDA:2,(anonymous_2)
FNDA:1,(anonymous_3)
FNDA:2,(anonymous_4)
FNDA:2,(anonymous_5)
FNDA:3,(anonymous_6)
FNDA:1,(anonymous_7)
DA:1,1
DA:5,8
DA:6,8
DA:10,4
DA:11,4
DA:15,2
DA:16,2
DA:20,1
DA:24,2
DA:28,2
DA:29,3
DA:30,2
DA:32,1
DA:38,1
DA:39,1
DA:43,1
LF:16
LH:16
BRDA:4,0,0,8
BRDA:4,1,0,8
BRDA:29,2,0,2
BRDA:29,2,1,1
BRF:4
BRH:4
end_of_record
