TN:
SF:src/accountHistory.js
FN:2,(anonymous_0)
FNF:1
FNH:1
FNDA:1,(anonymous_0)
DA:3,1
DA:7,1
LF:2
LH:2
BRF:0
BRH:0
end_of_record
TN:
SF:src/bankAccount.js
FN:4,(anonymous_0)
FN:9,(anonymous_1)
FN:14,(anonymous_2)
FN:19,(anonymous_3)
FN:23,(anonymous_4)
FN:27,(anonymous_5)
FN:28,(anonymous_6)
FN:37,(anonymous_7)
FNF:8
FNH:8
FNDA:10,(anonymous_0)
FNDA:6,(anonymous_1)
FNDA:3,(anonymous_2)
FNDA:1,(anonymous_3)
FNDA:2,(anonymous_4)
FNDA:2,(anonymous_5)
FNDA:3,(anonymous_6)
FNDA:1,(anonymous_7)
DA:5,10
DA:6,10
DA:10,6
DA:11,6
DA:15,3
DA:16,3
DA:20,1
DA:24,2
DA:28,2
DA:29,3
DA:30,2
DA:32,1
DA:38,1
DA:39,1
DA:43,1
LF:15
LH:15
BRDA:4,0,0,10
BRDA:29,1,0,2
BRDA:29,1,1,1
BRF:3
BRH:3
end_of_record
